<?xml version="1.0" encoding="UTF-8"?>
<testng-results skipped="0" failed="0" total="2" passed="2">
  <reporter-output>
  </reporter-output>
  <suite name="Default suite" duration-ms="2303" started-at="2019-02-16T18:09:19Z" finished-at="2019-02-16T18:09:22Z">
    <groups>
    </groups>
    <test name="Default test" duration-ms="2303" started-at="2019-02-16T18:09:19Z" finished-at="2019-02-16T18:09:22Z">
      <class name="com.localserver.APITestAllRequestUsingLocalDB">
        <test-method status="PASS" signature="test_06()[pri:0, instance:com.localserver.APITestAllRequestUsingLocalDB@e25b2fe]" name="test_06" duration-ms="2177" started-at="2019-02-16T23:39:19Z" finished-at="2019-02-16T23:39:21Z">
          <reporter-output>
          </reporter-output>
        </test-method> <!-- test_06 -->
        <test-method status="PASS" signature="test_02()[pri:0, instance:com.localserver.APITestAllRequestUsingLocalDB@e25b2fe]" name="test_02" duration-ms="78" started-at="2019-02-16T23:39:21Z" finished-at="2019-02-16T23:39:22Z">
          <reporter-output>
          </reporter-output>
        </test-method> <!-- test_02 -->
      </class> <!-- com.localserver.APITestAllRequestUsingLocalDB -->
    </test> <!-- Default test -->
  </suite> <!-- Default suite -->
</testng-results>
