<?xml version="1.0" encoding="UTF-8"?>
<!-- Generated by org.testng.reporters.JUnitXMLReporter -->
<testsuite ignored="6" hostname="ECO03" failures="0" tests="1" name="Test" time="0.169" errors="0" timestamp="18 Dec 2018 12:18:08 GMT">
  <testcase classname="com.utilities.SuiteBase" name="@BeforeTest setUp" time="0.119">
    <failure type="java.lang.IllegalStateException" message="The driver executable does not exist: D:\Jayesh Hinge\chromedriver.exe">
      <![CDATA[java.lang.IllegalStateException: The driver executable does not exist: D:\Jayesh Hinge\chromedriver.exe
at com.google.common.base.Preconditions.checkState(Preconditions.java:530)
at org.openqa.selenium.remote.service.DriverService.checkExecutable(DriverService.java:136)
at org.openqa.selenium.remote.service.DriverService.findExecutable(DriverService.java:131)
at org.openqa.selenium.chrome.ChromeDriverService.access$000(ChromeDriverService.java:32)
at org.openqa.selenium.chrome.ChromeDriverService$Builder.findDefaultExecutable(ChromeDriverService.java:137)
at org.openqa.selenium.remote.service.DriverService$Builder.build(DriverService.java:339)
at org.openqa.selenium.chrome.ChromeDriverService.createDefaultService(ChromeDriverService.java:88)
at org.openqa.selenium.chrome.ChromeDriver.<init>(ChromeDriver.java:123)
at com.utilities.SuiteBase.setUpChrome(SuiteBase.java:53)
at com.utilities.SuiteBase.setUp(SuiteBase.java:32)
... Removed 24 stack frames]]>
    </failure>
  </testcase> <!-- @BeforeTest setUp -->
  <testcase classname="com.certlink.Login" name="testcase1" time="0.0">
    <skipped/>
  </testcase> <!-- testcase1 -->
  <testcase classname="com.utilities.SuiteBase" name="@BeforeTest setUp" time="0.0">
    <ignored/>
  </testcase> <!-- @BeforeTest setUp -->
  <testcase classname="com.utilities.SuiteBase" name="@BeforeTest setUp" time="0.0">
    <ignored/>
  </testcase> <!-- @BeforeTest setUp -->
  <testcase classname="com.utilities.SuiteBase" name="@AfterTest cleanUp" time="0.0">
    <ignored/>
  </testcase> <!-- @AfterTest cleanUp -->
  <testcase classname="com.utilities.SuiteBase" name="@AfterTest cleanUp" time="0.0">
    <ignored/>
  </testcase> <!-- @AfterTest cleanUp -->
  <testcase classname="com.test.demo1" name="testwithHeadLessBrowser" time="0.0">
    <ignored/>
  </testcase> <!-- testwithHeadLessBrowser -->
  <testcase classname="com.test.demo1" name="logout" time="0.0">
    <ignored/>
  </testcase> <!-- logout -->
</testsuite> <!-- Test -->
