<?xml version="1.0" encoding="UTF-8"?>
<testng-results ignored="0" total="1" passed="1" failed="0" skipped="0">
  <reporter-output>
  </reporter-output>
  <suite started-at="2019-01-07T12:20:17Z" name="Default suite" finished-at="2019-01-07T12:20:32Z" duration-ms="15437">
    <groups>
    </groups>
    <test started-at="2019-01-07T12:20:17Z" name="Default test" finished-at="2019-01-07T12:20:32Z" duration-ms="15437">
      <class name="com.certlink.DiplomateLogin">
        <test-method is-config="true" signature="setUp()[pri:0, instance:com.certlink.DiplomateLogin@1e0b4072]" started-at="2019-01-07T12:20:17Z" name="setUp" finished-at="2019-01-07T12:20:30Z" duration-ms="13118" status="PASS">
          <reporter-output>
          </reporter-output>
        </test-method> <!-- setUp -->
        <test-method signature="verifyDiplomateLoginUsingInValidCredentials()[pri:2, instance:com.certlink.DiplomateLogin@1e0b4072]" started-at="2019-01-07T12:20:30Z" name="verifyDiplomateLoginUsingInValidCredentials" finished-at="2019-01-07T12:20:32Z" duration-ms="2278" status="PASS">
          <reporter-output>
          </reporter-output>
        </test-method> <!-- verifyDiplomateLoginUsingInValidCredentials -->
        <test-method is-config="true" signature="cleanUp()[pri:0, instance:com.certlink.DiplomateLogin@1e0b4072]" started-at="2019-01-07T12:20:32Z" name="cleanUp" finished-at="2019-01-07T12:20:32Z" duration-ms="0" status="PASS">
          <reporter-output>
          </reporter-output>
        </test-method> <!-- cleanUp -->
      </class> <!-- com.certlink.DiplomateLogin -->
    </test> <!-- Default test -->
  </suite> <!-- Default suite -->
</testng-results>
