<?xml version="1.0" encoding="UTF-8"?>
<testng-results ignored="0" total="1" passed="1" failed="0" skipped="0">
  <reporter-output>
  </reporter-output>
  <suite started-at="2018-12-18T12:29:22Z" name="Default suite" finished-at="2018-12-18T12:29:34Z" duration-ms="11482">
    <groups>
    </groups>
    <test started-at="2018-12-18T12:29:22Z" name="Default test" finished-at="2018-12-18T12:29:34Z" duration-ms="11482">
      <class name="com.certlink.Login">
        <test-method is-config="true" signature="setUp()[pri:0, instance:com.certlink.Login@2e3967ea]" started-at="2018-12-18T12:29:22Z" name="setUp" finished-at="2018-12-18T12:29:33Z" duration-ms="10961" status="PASS">
          <reporter-output>
          </reporter-output>
        </test-method> <!-- setUp -->
        <test-method signature="testcase1()[pri:0, instance:com.certlink.Login@2e3967ea]" started-at="2018-12-18T12:29:33Z" name="testcase1" finished-at="2018-12-18T12:29:34Z" duration-ms="486" status="PASS">
          <reporter-output>
          </reporter-output>
        </test-method> <!-- testcase1 -->
        <test-method is-config="true" signature="cleanUp()[pri:0, instance:com.certlink.Login@2e3967ea]" started-at="2018-12-18T12:29:34Z" name="cleanUp" finished-at="2018-12-18T12:29:34Z" duration-ms="1" status="PASS">
          <reporter-output>
          </reporter-output>
        </test-method> <!-- cleanUp -->
      </class> <!-- com.certlink.Login -->
    </test> <!-- Default test -->
  </suite> <!-- Default suite -->
</testng-results>
