<?xml version="1.0" encoding="UTF-8"?>
<testng-results ignored="0" total="1" passed="1" failed="0" skipped="0">
  <reporter-output>
  </reporter-output>
  <suite started-at="2019-02-08T06:22:07Z" name="Default suite" finished-at="2019-02-08T06:22:37Z" duration-ms="29940">
    <groups>
    </groups>
    <test started-at="2019-02-08T06:22:07Z" name="Default test" finished-at="2019-02-08T06:22:37Z" duration-ms="29940">
      <class name="com.certlink.DiplomateDashboard">
        <test-method is-config="true" signature="setUp()[pri:0, instance:com.certlink.DiplomateDashboard@71ba6d4e]" started-at="2019-02-08T06:22:07Z" name="setUp" finished-at="2019-02-08T06:22:19Z" duration-ms="12002" status="PASS">
          <reporter-output>
          </reporter-output>
        </test-method> <!-- setUp -->
        <test-method signature="verifyUserAccountUpdate()[pri:1, instance:com.certlink.DiplomateDashboard@71ba6d4e]" started-at="2019-02-08T06:22:19Z" name="verifyUserAccountUpdate" finished-at="2019-02-08T06:22:37Z" duration-ms="17906" status="PASS">
          <reporter-output>
          </reporter-output>
        </test-method> <!-- verifyUserAccountUpdate -->
        <test-method is-config="true" signature="cleanUp()[pri:0, instance:com.certlink.DiplomateDashboard@71ba6d4e]" started-at="2019-02-08T06:22:37Z" name="cleanUp" finished-at="2019-02-08T06:22:37Z" duration-ms="0" status="PASS">
          <reporter-output>
          </reporter-output>
        </test-method> <!-- cleanUp -->
      </class> <!-- com.certlink.DiplomateDashboard -->
    </test> <!-- Default test -->
  </suite> <!-- Default suite -->
</testng-results>
