<?xml version="1.0" encoding="UTF-8"?>
<testng-results skipped="0" failed="0" ignored="0" total="2" passed="2">
  <reporter-output>
  </reporter-output>
  <suite name="Default suite" duration-ms="109" started-at="2019-05-25T15:34:18Z" finished-at="2019-05-25T15:34:18Z">
    <groups>
    </groups>
    <test name="Default test" duration-ms="109" started-at="2019-05-25T15:34:18Z" finished-at="2019-05-25T15:34:18Z">
      <class name="com.test.SeleniumPrograms.parametersWithDataProviderUsingSameClass">
        <test-method status="PASS" signature="print(java.lang.String, java.lang.String)[pri:0, instance:com.test.SeleniumPrograms.parametersWithDataProviderUsingSameClass@33723e30]" name="print" duration-ms="15" started-at="2019-05-25T15:34:18Z" data-provider="testDP" finished-at="2019-05-25T15:34:18Z">
          <params>
            <param index="0">
              <value>
                <![CDATA[First]]>
              </value>
            </param>
            <param index="1">
              <value>
                <![CDATA[Jayesh]]>
              </value>
            </param>
          </params>
          <reporter-output>
          </reporter-output>
        </test-method> <!-- print -->
        <test-method status="PASS" signature="print(java.lang.String, java.lang.String)[pri:0, instance:com.test.SeleniumPrograms.parametersWithDataProviderUsingSameClass@33723e30]" name="print" duration-ms="16" started-at="2019-05-25T15:34:18Z" data-provider="testDP" finished-at="2019-05-25T15:34:18Z">
          <params>
            <param index="0">
              <value>
                <![CDATA[Last]]>
              </value>
            </param>
            <param index="1">
              <value>
                <![CDATA[Hinge]]>
              </value>
            </param>
          </params>
          <reporter-output>
          </reporter-output>
        </test-method> <!-- print -->
      </class> <!-- com.test.SeleniumPrograms.parametersWithDataProviderUsingSameClass -->
    </test> <!-- Default test -->
  </suite> <!-- Default suite -->
</testng-results>
