<?xml version="1.0" encoding="UTF-8"?>
<!-- Generated by org.testng.reporters.JUnitXMLReporter -->
<testsuite ignored="0" hostname="ECO03" failures="0" tests="9" name="Default test" time="62.603" errors="0" timestamp="01 Apr 2019 11:11:30 GMT">
  <testcase classname="com.certlink.DiplomateMessages" name="verifyUnreadMessageCountOnBurgerMenu" time="8.826"/>
  <testcase classname="com.certlink.DiplomateMessages" name="verifyUnreadMessageCountOnNormalMenu" time="2.099"/>
  <testcase classname="com.certlink.DiplomateMessages" name="verifyAllMessageCountOnNormalMenu" time="0.838"/>
  <testcase classname="com.certlink.DiplomateMessages" name="verifyUnreadMessageTabSelected" time="0.155"/>
  <testcase classname="com.certlink.DiplomateMessages" name="verifyAllMessageTabSelected" time="0.167"/>
  <testcase classname="com.certlink.DiplomateMessages" name="verifyUserAbleToMarkAsRead" time="15.331"/>
  <testcase classname="com.certlink.DiplomateMessages" name="verifyUserAbleToMarkAsUnRead" time="16.873"/>
  <testcase classname="com.certlink.DiplomateMessages" name="verifyDetailsOfMessage" time="3.65"/>
  <testcase classname="com.certlink.DiplomateMessages" name="verifyPagination" time="3.69"/>
</testsuite> <!-- Default test -->
