<?xml version="1.0" encoding="UTF-8"?>
<!-- Generated by org.testng.reporters.JUnitXMLReporter -->
<testsuite hostname="HOME" ignored="0" name="Default test" tests="2" failures="0" timestamp="25 May 2019 15:34:19 GMT" time="0.109" errors="0">
  <testcase name="print" time="0.015" classname="com.test.SeleniumPrograms.parametersWithDataProviderUsingSameClass"/>
  <testcase name="print" time="0.016" classname="com.test.SeleniumPrograms.parametersWithDataProviderUsingSameClass"/>
</testsuite> <!-- Default test -->
